  TEST.cpp
c:\users\cyh\documents\github\2017_ngp\test\test\test.cpp(56): error C2065: 'sock': 선언되지 않은 식별자입니다.
c:\users\cyh\documents\github\2017_ngp\test\test\test.cpp(64): error C2065: 'sock': 선언되지 않은 식별자입니다.
